<?xml version="1.0" encoding="UTF-8"?>
<!-- Generated by org.testng.reporters.JUnitReportReporter -->
<testsuite hostname="DESKTOP-G82DJC0" failures="0" tests="1" name="test.Second" time="0.568" errors="0" timestamp="2022-01-25T21:28:31 IST" skipped="0">
  <testcase classname="test.Second" name="Post" time="0.568"/>
  <system-out/>
</testsuite> <!-- test.Second -->
