<?xml version="1.0" encoding="UTF-8"?>
<!-- Generated by org.testng.reporters.JUnitReportReporter -->
<testsuite hostname="DESKTOP-G82DJC0" failures="0" tests="1" name="test.TC2_post" time="4.190" errors="0" timestamp="2022-01-26T01:25:25 IST" skipped="0">
  <testcase classname="test.TC2_post" name="registerUser" time="4.190"/>
  <system-out/>
</testsuite> <!-- test.TC2_post -->
