<?xml version="1.0" encoding="UTF-8"?>
<!-- Generated by org.testng.reporters.JUnitReportReporter -->
<testsuite hostname="DESKTOP-G82DJC0" failures="0" tests="3" name="datadriven.TC1_postdatadriven" time="4.963" errors="0" timestamp="2022-01-27T01:20:10 IST" skipped="0">
  <testcase classname="datadriven.TC1_postdatadriven" name="registerUser" time="0.580"/>
  <system-out/>
  <testcase classname="datadriven.TC1_postdatadriven" name="registerUser" time="4.016"/>
  <system-out/>
  <testcase classname="datadriven.TC1_postdatadriven" name="registerUser" time="0.367"/>
  <system-out/>
</testsuite> <!-- datadriven.TC1_postdatadriven -->
