<?xml version="1.0" encoding="UTF-8"?>
<!-- Generated by org.testng.reporters.JUnitReportReporter -->
<testsuite hostname="DESKTOP-G82DJC0" failures="0" tests="1" name="test.TC3_get" time="3.402" errors="0" timestamp="2022-01-26T01:58:33 IST" skipped="0">
  <testcase classname="test.TC3_get" name="getweatherDetails" time="3.402"/>
  <system-out/>
</testsuite> <!-- test.TC3_get -->
