<?xml version="1.0" encoding="UTF-8"?>
<!-- Generated by org.testng.reporters.JUnitReportReporter -->
<testsuite hostname="DESKTOP-G82DJC0" failures="0" tests="1" name="test.TC4_get" time="4.609" errors="0" timestamp="2022-01-26T17:53:29 IST" skipped="0">
  <testcase classname="test.TC4_get" name="getweatherDetails" time="4.609"/>
  <system-out/>
</testsuite> <!-- test.TC4_get -->
