<?xml version="1.0" encoding="UTF-8"?>
<!-- Generated by org.testng.reporters.JUnitReportReporter -->
<testsuite hostname="DESKTOP-G82DJC0" failures="0" tests="1" name="test.TC01_get" time="5.828" errors="0" timestamp="2022-01-30T01:52:54 IST" skipped="0">
  <testcase classname="test.TC01_get" name="getweatherDetails" time="5.828"/>
  <system-out/>
</testsuite> <!-- test.TC01_get -->
