<?xml version="1.0" encoding="UTF-8"?>
<!-- Generated by org.testng.reporters.JUnitReportReporter -->
<testsuite hostname="DESKTOP-G82DJC0" failures="0" tests="2" name="test.First" time="3.785" errors="0" timestamp="2022-01-25T21:28:31 IST" skipped="0">
  <testcase classname="test.First" name="test_1" time="3.557"/>
  <system-out/>
  <testcase classname="test.First" name="test_2" time="0.228"/>
  <system-out/>
</testsuite> <!-- test.First -->
